# JRE version: Java(TM) SE Runtime Environment (8.0_261-b12) (build 1.8.0_261-b12)
# Java VM: Java HotSpot(TM) 64-Bit Server VM (25.261-b12 mixed mode windows-amd64 compressed oops)
Heap:
 PSYoungGen      total 50688K, used 3723K [0x00000000e0b00000, 0x00000000e4900000, 0x0000000100000000)
  eden space 45056K, 5% used [0x00000000e0b00000,0x00000000e0d68ad0,0x00000000e3700000)
  from space 5632K, 22% used [0x00000000e4380000,0x00000000e44ba298,0x00000000e4900000)
  to   space 9216K, 0% used [0x00000000e3700000,0x00000000e3700000,0x00000000e4000000)
 ParOldGen       total 42496K, used 25186K [0x00000000a2000000, 0x00000000a4980000, 0x00000000e0b00000)
  object space 42496K, 59% used [0x00000000a2000000,0x00000000a3898a80,0x00000000a4980000)
 Metaspace       used 21787K, capacity 22562K, committed 22832K, reserved 1069056K
  class space    used 2709K, capacity 2921K, committed 2944K, reserved 1048576K
GC Heap History (10 events):
Event: 7.606 GC heap before
{Heap before GC invocations=3 (full 0):
 PSYoungGen      total 28160K, used 28128K [0x00000000e0b00000, 0x00000000e2a00000, 0x0000000100000000)
  eden space 24576K, 100% used [0x00000000e0b00000,0x00000000e2300000,0x00000000e2300000)
  from space 3584K, 99% used [0x00000000e2680000,0x00000000e29f8030,0x00000000e2a00000)
  to   space 3584K, 0% used [0x00000000e2300000,0x00000000e2300000,0x00000000e2680000)
 ParOldGen       total 64512K, used 4626K [0x00000000a2000000, 0x00000000a5f00000, 0x00000000e0b00000)
  object space 64512K, 7% used [0x00000000a2000000,0x00000000a2484910,0x00000000a5f00000)
 Metaspace       used 16471K, capacity 16794K, committed 17152K, reserved 1064960K
  class space    used 1868K, capacity 1991K, committed 2048K, reserved 1048576K
Event: 7.621 GC heap after
Heap after GC invocations=3 (full 0):
 PSYoungGen      total 28160K, used 3574K [0x00000000e0b00000, 0x00000000e2a00000, 0x0000000100000000)
  eden space 24576K, 0% used [0x00000000e0b00000,0x00000000e0b00000,0x00000000e2300000)
  from space 3584K, 99% used [0x00000000e2300000,0x00000000e267da58,0x00000000e2680000)
  to   space 3584K, 0% used [0x00000000e2680000,0x00000000e2680000,0x00000000e2a00000)
 ParOldGen       total 64512K, used 8157K [0x00000000a2000000, 0x00000000a5f00000, 0x00000000e0b00000)
  object space 64512K, 12% used [0x00000000a2000000,0x00000000a27f76d0,0x00000000a5f00000)
 Metaspace       used 16471K, capacity 16794K, committed 17152K, reserved 1064960K
  class space    used 1868K, capacity 1991K, committed 2048K, reserved 1048576K
}
Event: 12.062 GC heap before
{Heap before GC invocations=4 (full 0):
 PSYoungGen      total 28160K, used 28150K [0x00000000e0b00000, 0x00000000e2a00000, 0x0000000100000000)
  eden space 24576K, 100% used [0x00000000e0b00000,0x00000000e2300000,0x00000000e2300000)
  from space 3584K, 99% used [0x00000000e2300000,0x00000000e267da58,0x00000000e2680000)
  to   space 3584K, 0% used [0x00000000e2680000,0x00000000e2680000,0x00000000e2a00000)
 ParOldGen       total 64512K, used 8157K [0x00000000a2000000, 0x00000000a5f00000, 0x00000000e0b00000)
  object space 64512K, 12% used [0x00000000a2000000,0x00000000a27f76d0,0x00000000a5f00000)
 Metaspace       used 20333K, capacity 21090K, committed 21120K, reserved 1067008K
  class space    used 2465K, capacity 2669K, committed 2688K, reserved 1048576K
Event: 12.075 GC heap after
Heap after GC invocations=4 (full 0):
 PSYoungGen      total 28160K, used 3568K [0x00000000e0b00000, 0x00000000e2a00000, 0x0000000100000000)
  eden space 24576K, 0% used [0x00000000e0b00000,0x00000000e0b00000,0x00000000e2300000)
  from space 3584K, 99% used [0x00000000e2680000,0x00000000e29fc060,0x00000000e2a00000)
  to   space 3584K, 0% used [0x00000000e2300000,0x00000000e2300000,0x00000000e2680000)
 ParOldGen       total 64512K, used 11133K [0x00000000a2000000, 0x00000000a5f00000, 0x00000000e0b00000)
  object space 64512K, 17% used [0x00000000a2000000,0x00000000a2adf7e0,0x00000000a5f00000)
 Metaspace       used 20333K, capacity 21090K, committed 21120K, reserved 1067008K
  class space    used 2465K, capacity 2669K, committed 2688K, reserved 1048576K
}
Event: 12.128 GC heap before
{Heap before GC invocations=5 (full 0):
 PSYoungGen      total 28160K, used 4909K [0x00000000e0b00000, 0x00000000e2a00000, 0x0000000100000000)
  eden space 24576K, 5% used [0x00000000e0b00000,0x00000000e0c4f650,0x00000000e2300000)
  from space 3584K, 99% used [0x00000000e2680000,0x00000000e29fc060,0x00000000e2a00000)
  to   space 3584K, 0% used [0x00000000e2300000,0x00000000e2300000,0x00000000e2680000)
 ParOldGen       total 64512K, used 11133K [0x00000000a2000000, 0x00000000a5f00000, 0x00000000e0b00000)
  object space 64512K, 17% used [0x00000000a2000000,0x00000000a2adf7e0,0x00000000a5f00000)
 Metaspace       used 20506K, capacity 21218K, committed 21296K, reserved 1069056K
  class space    used 2489K, capacity 2669K, committed 2688K, reserved 1048576K
Event: 12.141 GC heap after
Heap after GC invocations=5 (full 0):
 PSYoungGen      total 28160K, used 3558K [0x00000000e0b00000, 0x00000000e4c00000, 0x0000000100000000)
  eden space 24576K, 0% used [0x00000000e0b00000,0x00000000e0b00000,0x00000000e2300000)
  from space 3584K, 99% used [0x00000000e2300000,0x00000000e2679a78,0x00000000e2680000)
  to   space 8704K, 0% used [0x00000000e4380000,0x00000000e4380000,0x00000000e4c00000)
 ParOldGen       total 64512K, used 11306K [0x00000000a2000000, 0x00000000a5f00000, 0x00000000e0b00000)
  object space 64512K, 17% used [0x00000000a2000000,0x00000000a2b0aa48,0x00000000a5f00000)
 Metaspace       used 20506K, capacity 21218K, committed 21296K, reserved 1069056K
  class space    used 2489K, capacity 2669K, committed 2688K, reserved 1048576K
}
Event: 12.141 GC heap before
{Heap before GC invocations=6 (full 1):
 PSYoungGen      total 28160K, used 3558K [0x00000000e0b00000, 0x00000000e4c00000, 0x0000000100000000)
  eden space 24576K, 0% used [0x00000000e0b00000,0x00000000e0b00000,0x00000000e2300000)
  from space 3584K, 99% used [0x00000000e2300000,0x00000000e2679a78,0x00000000e2680000)
  to   space 8704K, 0% used [0x00000000e4380000,0x00000000e4380000,0x00000000e4c00000)
 ParOldGen       total 64512K, used 11306K [0x00000000a2000000, 0x00000000a5f00000, 0x00000000e0b00000)
  object space 64512K, 17% used [0x00000000a2000000,0x00000000a2b0aa48,0x00000000a5f00000)
 Metaspace       used 20506K, capacity 21218K, committed 21296K, reserved 1069056K
  class space    used 2489K, capacity 2669K, committed 2688K, reserved 1048576K
Event: 12.245 GC heap after
Heap after GC invocations=6 (full 1):
 PSYoungGen      total 28160K, used 0K [0x00000000e0b00000, 0x00000000e4c00000, 0x0000000100000000)
  eden space 24576K, 0% used [0x00000000e0b00000,0x00000000e0b00000,0x00000000e2300000)
  from space 3584K, 0% used [0x00000000e2300000,0x00000000e2300000,0x00000000e2680000)
  to   space 8704K, 0% used [0x00000000e4380000,0x00000000e4380000,0x00000000e4c00000)
 ParOldGen       total 42496K, used 8794K [0x00000000a2000000, 0x00000000a4980000, 0x00000000e0b00000)
  object space 42496K, 20% used [0x00000000a2000000,0x00000000a2896a70,0x00000000a4980000)
 Metaspace       used 20506K, capacity 21218K, committed 21296K, reserved 1069056K
  class space    used 2489K, capacity 2669K, committed 2688K, reserved 1048576K
}
Event: 22.715 GC heap before
{Heap before GC invocations=7 (full 1):
 PSYoungGen      total 28160K, used 24576K [0x00000000e0b00000, 0x00000000e4c00000, 0x0000000100000000)
  eden space 24576K, 100% used [0x00000000e0b00000,0x00000000e2300000,0x00000000e2300000)
  from space 3584K, 0% used [0x00000000e2300000,0x00000000e2300000,0x00000000e2680000)
  to   space 8704K, 0% used [0x00000000e4380000,0x00000000e4380000,0x00000000e4c00000)
 ParOldGen       total 42496K, used 8794K [0x00000000a2000000, 0x00000000a4980000, 0x00000000e0b00000)
  object space 42496K, 20% used [0x00000000a2000000,0x00000000a2896a70,0x00000000a4980000)
 Metaspace       used 21523K, capacity 22300K, committed 22576K, reserved 1069056K
  class space    used 2668K, capacity 2876K, committed 2944K, reserved 1048576K
Event: 22.749 GC heap after
Heap after GC invocations=7 (full 1):
 PSYoungGen      total 50688K, used 1256K [0x00000000e0b00000, 0x00000000e4900000, 0x0000000100000000)
  eden space 45056K, 0% used [0x00000000e0b00000,0x00000000e0b00000,0x00000000e3700000)
  from space 5632K, 22% used [0x00000000e4380000,0x00000000e44ba298,0x00000000e4900000)
  to   space 9216K, 0% used [0x00000000e3700000,0x00000000e3700000,0x00000000e4000000)
 ParOldGen       total 42496K, used 25186K [0x00000000a2000000, 0x00000000a4980000, 0x00000000e0b00000)
  object space 42496K, 59% used [0x00000000a2000000,0x00000000a3898a80,0x00000000a4980000)
 Metaspace       used 21523K, capacity 22300K, committed 22576K, reserved 1069056K
  class space    used 2668K, capacity 2876K, committed 2944K, reserved 1048576K
}

