<?xml version="1.0" encoding="UTF-8"?>
<testng-results skipped="0" failed="0" ignored="0" total="1" passed="1">
  <reporter-output>
  </reporter-output>
  <suite name="Default suite" duration-ms="29679" started-at="2021-05-25T17:44:24 IST" finished-at="2021-05-25T17:44:54 IST">
    <groups>
    </groups>
    <test name="Default test" duration-ms="29679" started-at="2021-05-25T17:44:24 IST" finished-at="2021-05-25T17:44:54 IST">
      <class name="AlertExamples">
        <test-method status="PASS" signature="meth()[pri:0, instance:AlertExamples@5f3a4b84]" name="meth" duration-ms="29557" started-at="2021-05-25T17:44:24 IST" finished-at="2021-05-25T17:44:54 IST">
          <reporter-output>
          </reporter-output>
        </test-method> <!-- meth -->
      </class> <!-- AlertExamples -->
    </test> <!-- Default test -->
  </suite> <!-- Default suite -->
</testng-results>
